<?xml version="1.0" encoding="UTF-8" ?>
<testsuite failures="0" time="0.46" errors="0" skipped="0" tests="6" name="org.obm.annotations.transactional.TransactionalTest">
  <properties>
[...]
</properties>
  <testcase time="0.426" classname="org.obm.annotations.transactional.TransactionalTest" name="testOneTransaction"/>
  <testcase time="0.006" classname="org.obm.annotations.transactional.TransactionalTest" name="testNested"/>
  <testcase time="0.005" classname="org.obm.annotations.transactional.TransactionalTest" name="testRollback"/>
  <testcase time="0.004" classname="org.obm.annotations.transactional.TransactionalTest" name="testNestedRollback"/>
  <testcase time="0.004" classname="org.obm.annotations.transactional.TransactionalTest" name="testRollbackException"/>
  <testcase time="0.007" classname="org.obm.annotations.transactional.TransactionalTest" name="testNestedRollbackException"/>
</testsuite>